0 info it worked if it ends with ok
1 verbose cli [ '/usr/local/bin/node', '/usr/local/bin/npm', 'start' ]
2 info using npm@2.14.12
3 info using node@v4.2.6
4 verbose config Skipping project config: /home/m/.npmrc. (matches userconfig)
5 verbose stack Error: ENOENT: no such file or directory, open '/home/m/package.json'
5 verbose stack     at Error (native)
6 verbose cwd /home/m/react/r-ct
7 error Linux 3.16.0-67-generic
8 error argv "/usr/local/bin/node" "/usr/local/bin/npm" "start"
9 error node v4.2.6
10 error npm  v2.14.12
11 error path /home/m/package.json
12 error code ENOENT
13 error errno -2
14 error syscall open
15 error enoent ENOENT: no such file or directory, open '/home/m/package.json'
15 error enoent This is most likely not a problem with npm itself
15 error enoent and is related to npm not being able to find a file.
16 verbose exit [ -2, true ]
